[2014-07-08 21:36:11] START
[2014-07-19 02:09:58] EDIT wlbc/models/db.py: 0
[2014-07-19 02:11:54] EDIT wlbc/models/db.py: 0
[2014-07-19 02:19:36] EDIT wlbc/models/db.py: 3
[2014-07-19 02:20:48] EDIT wlbc/models/db.py: -1
[2014-07-19 02:21:20] EDIT wlbc/models/db.py: -1
[2014-07-19 02:22:27] EDIT wlbc/models/db.py: -25
[2014-07-19 02:22:58] EDIT wlbc/models/db.py: 25
[2014-07-19 02:24:17] EDIT wlbc/models/db.py: 0
[2014-07-19 02:25:38] EDIT wlbc/models/db.py: 0
[2014-07-19 02:26:07] EDIT wlbc/models/db.py: 2
[2014-07-19 02:26:33] EDIT wlbc/models/db.py: 0
[2014-07-19 02:27:26] EDIT wlbc/models/db.py: 0
[2014-07-19 02:27:50] EDIT wlbc/models/db.py: 0
[2014-08-03 08:49:46] EDIT librarymanagement/models/db.py: 0
[2014-08-03 08:53:13] EDIT librarymanagement/models/db.py: 0
[2014-08-03 16:12:39] EDIT librarymanagement/models/db.py: 0
[2014-08-03 16:13:26] EDIT librarymanagement/models/db.py: 1
[2014-08-03 16:26:02] EDIT librarymanagement/models/db.py: 1
[2014-08-03 16:30:49] EDIT librarymanagement/models/db.py: 2
[2014-08-03 16:31:00] EDIT librarymanagement/models/db.py: -1
[2014-08-03 16:31:04] EDIT librarymanagement/models/db.py: 0
[2014-08-03 16:36:32] EDIT librarymanagement/models/db.py: 0
[2014-08-03 21:20:17] EDIT librarymanagement/models/db.py: 1
[2014-08-03 21:31:36] EDIT librarymanagement/models/db.py: 37
[2014-08-03 21:31:53] EDIT librarymanagement/models/db.py: 0
[2014-08-03 21:31:55] EDIT librarymanagement/models/db.py: 0
[2014-08-03 21:32:03] EDIT librarymanagement/models/db.py: 0
[2014-08-03 21:32:19] EDIT librarymanagement/models/db.py: 0
[2014-08-03 21:32:50] EDIT librarymanagement/models/db.py: 0
[2014-08-03 21:33:24] EDIT librarymanagement/models/db.py: 0
[2014-08-03 21:34:14] EDIT librarymanagement/models/db.py: 0
[2014-08-03 21:34:39] EDIT librarymanagement/models/db.py: 1
[2014-08-03 21:38:36] EDIT librarymanagement/models/db.py: 0
[2014-08-03 21:40:03] EDIT librarymanagement/models/db.py: -1
[2014-08-03 21:58:14] EDIT librarymanagement/models/db.py: 1
[2014-08-03 21:58:29] EDIT librarymanagement/models/db.py: 1
[2014-08-03 21:59:05] EDIT librarymanagement/models/db.py: 1
[2014-08-03 22:01:29] EDIT librarymanagement/models/db.py: 1
[2014-08-03 22:07:49] EDIT librarymanagement/models/db.py: 1
[2014-08-03 22:08:31] EDIT librarymanagement/models/db.py: 2
[2014-08-03 22:23:18] EDIT librarymanagement/models/db.py: 0
[2014-08-03 22:29:44] EDIT librarymanagement/models/db.py: 0
[2014-08-03 22:29:54] EDIT librarymanagement/models/db.py: 0
[2014-08-03 22:29:57] EDIT librarymanagement/models/db.py: 0
[2014-08-03 22:30:16] EDIT librarymanagement/models/db.py: 0
[2014-08-03 22:31:23] EDIT librarymanagement/models/db.py: 0
[2014-08-03 22:31:38] EDIT librarymanagement/models/db.py: 0
[2014-08-03 22:31:39] EDIT librarymanagement/models/db.py: 0
[2014-08-03 22:36:10] EDIT librarymanagement/models/db.py: 0
[2014-08-03 22:40:04] EDIT librarymanagement/models/db.py: 0
[2014-08-03 22:40:11] EDIT librarymanagement/models/db.py: 0
[2014-08-03 22:40:33] EDIT librarymanagement/models/db.py: 0
[2014-08-03 22:40:38] EDIT librarymanagement/models/db.py: 0
[2014-08-03 22:41:20] EDIT librarymanagement/models/db.py: 0
[2014-08-03 22:41:25] EDIT librarymanagement/models/db.py: 0
[2014-08-03 22:41:40] EDIT librarymanagement/models/db.py: 0
[2014-08-03 22:47:10] EDIT librarymanagement/models/db.py: 0
[2014-08-03 22:47:18] EDIT librarymanagement/models/db.py: 0
[2014-08-03 22:56:39] EDIT librarymanagement/models/db.py: 0
[2014-08-03 22:57:10] EDIT librarymanagement/models/db.py: 0
[2014-08-03 22:57:20] EDIT librarymanagement/models/db.py: 0
[2014-08-03 23:02:28] EDIT librarymanagement/models/db.py: -32
